#
# There is insufficient memory for the Java Runtime Environment to continue.
# Native memory allocation (mmap) failed to map 123731968 bytes for G1 virtual space
# Possible reasons:
#   The system is out of physical RAM or swap space
#   The process is running with CompressedOops enabled, and the Java Heap may be blocking the growth of the native heap
# Possible solutions:
#   Reduce memory load on the system
#   Increase physical memory or swap space
#   Check if swap backing store is full
#   Decrease Java heap size (-Xmx/-Xms)
#   Decrease number of Java threads
#   Decrease Java thread stack sizes (-Xss)
#   Set larger code cache with -XX:ReservedCodeCacheSize=
#   JVM is running with Unscaled Compressed Oops mode in which the Java heap is
#     placed in the first 4GB address space. The Java Heap base address is the
#     maximum limit for the native heap growth. Please use -XX:HeapBaseMinAddress
#     to set the Java Heap base and to place the Java Heap above 4GB virtual address.
# This output file may be truncated or incomplete.
#
#  Out of Memory Error (os_windows.cpp:3536), pid=2960, tid=19784
#
# JRE version:  (19.0.2+7) (build )
# Java VM: Java HotSpot(TM) 64-Bit Server VM (19.0.2+7-44, mixed mode, sharing, tiered, compressed oops, compressed class ptrs, g1 gc, windows-amd64)
# No core dump will be written. Minidumps are not enabled by default on client versions of Windows
#

---------------  S U M M A R Y ------------

Command Line: -XX:+ShowCodeDetailsInExceptionMessages MProject

Host: AMD Ryzen 5 5600H with Radeon Graphics         , 12 cores, 7G,  Windows 11 , 64 bit Build 22621 (10.0.22621.1485)
Time: Fri May 12 20:51:56 2023 India Standard Time elapsed time: 0.025985 seconds (0d 0h 0m 0s)

---------------  T H R E A D  ---------------

Current thread (0x000001cf681e6320):  JavaThread "Unknown thread" [_thread_in_vm, id=19784, stack(0x0000005e9c900000,0x0000005e9ca00000)]

Stack: [0x0000005e9c900000,0x0000005e9ca00000]
Native frames: (J=compiled Java code, j=interpreted, Vv=VM code, C=native code)
V  [jvm.dll+0x6ee21a]
V  [jvm.dll+0x85765e]
V  [jvm.dll+0x85904e]
V  [jvm.dll+0x859703]
V  [jvm.dll+0x28298f]
V  [jvm.dll+0x6eb009]
V  [jvm.dll+0x6dfbaa]
V  [jvm.dll+0x3573f6]
V  [jvm.dll+0x35ee56]
V  [jvm.dll+0x3b541e]
V  [jvm.dll+0x3b564f]
V  [jvm.dll+0x32c9ea]
V  [jvm.dll+0x32d89e]
V  [jvm.dll+0x821780]
V  [jvm.dll+0x3c2661]
V  [jvm.dll+0x801f51]
V  [jvm.dll+0x44ae8f]
V  [jvm.dll+0x44c811]
C  [jli.dll+0x5287]
C  [ucrtbase.dll+0x29363]
C  [KERNEL32.DLL+0x1269d]
C  [ntdll.dll+0x5a9f8]


---------------  P R O C E S S  ---------------

Threads class SMR info:
_java_thread_list=0x00007ffe86edd048, length=0, elements={
}

Java Threads: ( => current thread )

Other Threads:
  0x000001cf682431d0 WorkerThread "GC Thread#0" [stack: 0x0000005e9ca00000,0x0000005e9cb00000] [id=3316]
  0x000001cf68252c70 ConcurrentGCThread "G1 Main Marker" [stack: 0x0000005e9cb00000,0x0000005e9cc00000] [id=3496]
  0x000001cf682539a0 WorkerThread "G1 Conc#0" [stack: 0x0000005e9cc00000,0x0000005e9cd00000] [id=19524]

[error occurred during error reporting (printing all threads), id 0xc0000005, EXCEPTION_ACCESS_VIOLATION (0xc0000005) at pc=0x00007ffe8669d427]

VM state: not at safepoint (not fully initialized)

VM Mutex/Monitor currently owned by a thread:  ([mutex/lock_event])
[0x000001cf681e1d30] Heap_lock - owner thread: 0x000001cf681e6320

Heap address: 0x000000008a600000, size: 1882 MB, Compressed Oops mode: 32-bit

CDS archive(s) mapped at: [0x0000000000000000-0x0000000000000000-0x0000000000000000), size 0, SharedBaseAddress: 0x0000000800000000, ArchiveRelocationMode: 0.
Narrow klass base: 0x0000000000000000, Narrow klass shift: 0, Narrow klass range: 0x0

GC Precious Log:
 CardTable entry size: 512
 Card Set container configuration: InlinePtr #cards 5 size 8 Array Of Cards #cards 12 size 40 Howl #buckets 4 coarsen threshold 1843 Howl Bitmap #cards 512 size 80 coarsen threshold 460 Card regions per heap region 1 cards per card region 2048

Heap:
 garbage-first heap   total 0K, used 0K [0x000000008a600000, 0x0000000100000000)
  region size 1024K, 0 young (0K), 0 survivors (0K)

[error occurred during error reporting (printing heap information), id 0xc0000005, EXCEPTION_ACCESS_VIOLATION (0xc0000005) at pc=0x00007ffe86aa6649]

GC Heap History (0 events):
No events

Dll operation events (1 events):
Event: 0.015 Loaded shared library C:\Program Files\Java\jdk-19\bin\java.dll

Deoptimization events (0 events):
No events

Classes loaded (0 events):
No events

Classes unloaded (0 events):
No events

Classes redefined (0 events):
No events

Internal exceptions (0 events):
No events

VM Operations (0 events):
No events

Events (0 events):
No events


Dynamic libraries:
0x00007ff6e6100000 - 0x00007ff6e6110000 	C:\Program Files\Java\jdk-19\bin\java.exe
0x00007ffef4370000 - 0x00007ffef4584000 	C:\WINDOWS\SYSTEM32\ntdll.dll
0x00007ffef2350000 - 0x00007ffef2412000 	C:\WINDOWS\System32\KERNEL32.DLL
0x00007ffef1c50000 - 0x00007ffef1fec000 	C:\WINDOWS\System32\KERNELBASE.dll
0x00007ffef19f0000 - 0x00007ffef1b01000 	C:\WINDOWS\System32\ucrtbase.dll
0x00007ffee8e10000 - 0x00007ffee8e28000 	C:\Program Files\Java\jdk-19\bin\jli.dll
0x00007ffee8b90000 - 0x00007ffee8bab000 	C:\Program Files\Java\jdk-19\bin\VCRUNTIME140.dll
0x00007ffef2540000 - 0x00007ffef25ee000 	C:\WINDOWS\System32\ADVAPI32.dll
0x00007ffef2180000 - 0x00007ffef2227000 	C:\WINDOWS\System32\msvcrt.dll
0x00007ffef2b30000 - 0x00007ffef2bd4000 	C:\WINDOWS\System32\sechost.dll
0x00007ffef2be0000 - 0x00007ffef2cf7000 	C:\WINDOWS\System32\RPCRT4.dll
0x00007ffef31d0000 - 0x00007ffef337b000 	C:\WINDOWS\System32\USER32.dll
0x00007ffef19c0000 - 0x00007ffef19e6000 	C:\WINDOWS\System32\win32u.dll
0x00007ffef41c0000 - 0x00007ffef41e9000 	C:\WINDOWS\System32\GDI32.dll
0x00007ffed2740000 - 0x00007ffed29ce000 	C:\WINDOWS\WinSxS\amd64_microsoft.windows.common-controls_6595b64144ccf1df_6.0.22621.608_none_a9444ca7c10bb01d\COMCTL32.dll
0x00007ffef2060000 - 0x00007ffef2173000 	C:\WINDOWS\System32\gdi32full.dll
0x00007ffef1920000 - 0x00007ffef19ba000 	C:\WINDOWS\System32\msvcp_win.dll
0x00007ffee8e00000 - 0x00007ffee8e0a000 	C:\WINDOWS\SYSTEM32\VERSION.dll
0x00007ffef2310000 - 0x00007ffef2341000 	C:\WINDOWS\System32\IMM32.DLL
0x00007ffee8b70000 - 0x00007ffee8b7c000 	C:\Program Files\Java\jdk-19\bin\vcruntime140_1.dll
0x00007ffec06c0000 - 0x00007ffec074e000 	C:\Program Files\Java\jdk-19\bin\msvcp140.dll
0x00007ffe86360000 - 0x00007ffe87020000 	C:\Program Files\Java\jdk-19\bin\server\jvm.dll
0x00007ffea5980000 - 0x00007ffea5989000 	C:\WINDOWS\SYSTEM32\WSOCK32.dll
0x00007ffef3050000 - 0x00007ffef30c1000 	C:\WINDOWS\System32\WS2_32.dll
0x00007ffeea510000 - 0x00007ffeea544000 	C:\WINDOWS\SYSTEM32\WINMM.dll
0x00007ffef07c0000 - 0x00007ffef07d8000 	C:\WINDOWS\SYSTEM32\kernel.appcore.dll
0x00007ffee89b0000 - 0x00007ffee89ba000 	C:\Program Files\Java\jdk-19\bin\jimage.dll
0x00007ffeddf50000 - 0x00007ffede17e000 	C:\WINDOWS\SYSTEM32\DBGHELP.DLL
0x00007ffef27a0000 - 0x00007ffef2b29000 	C:\WINDOWS\System32\combase.dll
0x00007ffef4250000 - 0x00007ffef4327000 	C:\WINDOWS\System32\OLEAUT32.dll
0x00007ffecd7f0000 - 0x00007ffecd822000 	C:\WINDOWS\SYSTEM32\dbgcore.DLL
0x00007ffef1bd0000 - 0x00007ffef1c4b000 	C:\WINDOWS\System32\bcryptPrimitives.dll
0x00007ffee1c30000 - 0x00007ffee1c56000 	C:\Program Files\Java\jdk-19\bin\java.dll

dbghelp: loaded successfully - version: 4.0.5 - missing functions: none
symbol engine: initialized successfully - sym options: 0x614 - pdb path: .;C:\Program Files\Java\jdk-19\bin;C:\WINDOWS\SYSTEM32;C:\WINDOWS\WinSxS\amd64_microsoft.windows.common-controls_6595b64144ccf1df_6.0.22621.608_none_a9444ca7c10bb01d;C:\Program Files\Java\jdk-19\bin\server

VM Arguments:
jvm_args: -XX:+ShowCodeDetailsInExceptionMessages 
java_command: MProject
java_class_path (initial): C:\Users\HP\OneDrive\Desktop\GroceryDeliveryApp\bin;c:\Users\HP\OneDrive\Desktop\GroceryDeliveryApp\lib\mysql-connector-j-8.0.33.jar
Launcher Type: SUN_STANDARD

[Global flags]
     intx CICompilerCount                          = 4                                         {product} {ergonomic}
     uint ConcGCThreads                            = 3                                         {product} {ergonomic}
     uint G1ConcRefinementThreads                  = 10                                        {product} {ergonomic}
   size_t G1HeapRegionSize                         = 1048576                                   {product} {ergonomic}
    uintx GCDrainStackTargetSize                   = 64                                        {product} {ergonomic}
   size_t InitialHeapSize                          = 123731968                                 {product} {ergonomic}
   size_t MarkStackSize                            = 4194304                                   {product} {ergonomic}
   size_t MaxHeapSize                              = 1973420032                                {product} {ergonomic}
   size_t MinHeapDeltaBytes                        = 1048576                                   {product} {ergonomic}
   size_t MinHeapSize                              = 8388608                                   {product} {ergonomic}
    uintx NonNMethodCodeHeapSize                   = 5839372                                {pd product} {ergonomic}
    uintx NonProfiledCodeHeapSize                  = 122909434                              {pd product} {ergonomic}
    uintx ProfiledCodeHeapSize                     = 122909434                              {pd product} {ergonomic}
    uintx ReservedCodeCacheSize                    = 251658240                              {pd product} {ergonomic}
     bool SegmentedCodeCache                       = true                                      {product} {ergonomic}
     bool ShowCodeDetailsInExceptionMessages       = true                                   {manageable} {command line}
   size_t SoftMaxHeapSize                          = 1973420032                             {manageable} {ergonomic}
     bool UseCompressedClassPointers               = true                           {product lp64_product} {ergonomic}
     bool UseCompressedOops                        = true                           {product lp64_product} {ergonomic}
     bool UseG1GC                                  = true                                      {product} {ergonomic}
     bool UseLargePagesIndividualAllocation        = false                                  {pd product} {ergonomic}

Logging:
Log output configuration:
 #0: stdout all=warning uptime,level,tags foldmultilines=false
 #1: stderr all=off uptime,level,tags foldmultilines=false

Environment Variables:
PATH=C:\Program Files\Common Files\Oracle\Java\javapath;C:\WINDOWS\system32;C:\WINDOWS;C:\WINDOWS\System32\Wbem;C:\WINDOWS\System32\WindowsPowerShell\v1.0\;C:\WINDOWS\System32\OpenSSH\;C:\MinGW\bin;C:\Program Files\Git\cmd;C:\Program Files\MySQL\MySQL Shell 8.0\bin\;C:\Users\HP\AppData\Local\Microsoft\WindowsApps;C:\Users\HP\AppData\Local\GitHubDesktop\bin;C:\Users\HP\AppData\Local\Programs\Microsoft VS Code\bin
USERNAME=HP
LANG=en_US.UTF-8
OS=Windows_NT
PROCESSOR_IDENTIFIER=AMD64 Family 25 Model 80 Stepping 0, AuthenticAMD
TMP=C:\Users\HP\AppData\Local\Temp
TEMP=C:\Users\HP\AppData\Local\Temp



---------------  S Y S T E M  ---------------

OS:
 Windows 11 , 64 bit Build 22621 (10.0.22621.1485)
OS uptime: 1 days 11:38 hours
Hyper-V role detected

CPU: total 12 (initial active 12) (12 cores per cpu, 2 threads per core) family 25 model 80 stepping 0 microcode 0x0, cx8, cmov, fxsr, ht, mmx, 3dnowpref, sse, sse2, sse3, ssse3, sse4a, sse4.1, sse4.2, popcnt, lzcnt, tsc, tscinvbit, avx, avx2, aes, erms, clmul, bmi1, bmi2, adx, sha, fma, vzeroupper, clflush, clflushopt, hv, rdtscp, rdpid, fsrm

Memory: 4k page, system-wide physical 7521M (674M free)
TotalPageFile size 28669M (AvailPageFile size 107M)
current process WorkingSet (physical memory assigned to process): 11M, peak: 11M
current process commit charge ("private bytes"): 64M, peak: 182M

vm_info: Java HotSpot(TM) 64-Bit Server VM (19.0.2+7-44) for windows-amd64 JRE (19.0.2+7-44), built on 2022-11-30T18:02:09Z by "mach5one" with MS VC++ 17.1 (VS2022)

END.
